This is pdfTeX, Version 3.141592653-2.6-1.40.28 (MiKTeX 25.12) (preloaded format=pdflatex 2026.5.2)  3 MAY 2026 20:49
entering extended mode
 restricted \write18 enabled.
 %&-line parsing enabled.
**./main.tex
(main.tex
LaTeX2e <2025-11-01>
L3 programming layer <2025-12-24>

(C:\Users\12549\AppData\Local\Programs\MiKTeX\tex/latex/tikzposter\tikzposter.c
ls
Document Class: tikzposter 2014/01/15 v2.0 LaTeX document class for Posters
(C:\Users\12549\AppData\Local\Programs\MiKTeX\tex/latex/xkeyval\xkeyval.sty
Package: xkeyval 2022/06/16 v2.9 package option processing (HA)

(C:\Users\12549\AppData\Local\Programs\MiKTeX\tex/generic/xkeyval\xkeyval.tex
(C:\Users\12549\AppData\Local\Programs\MiKTeX\tex/generic/xkeyval\xkvutils.tex
\XKV@toks=\toks17
\XKV@tempa@toks=\toks18

(C:\Users\12549\AppData\Local\Programs\MiKTeX\tex/generic/xkeyval\keyval.tex))
\XKV@depth=\count275
File: xkeyval.tex 2014/12/03 v2.7a key=value parser (HA)
)) (C:\Users\12549\AppData\Local\Programs\MiKTeX\tex/latex/tools\calc.sty
Package: calc 2025/03/01 v4.3b Infix arithmetic (KKT,FJ)
\calc@Acount=\count276
\calc@Bcount=\count277
\calc@Adimen=\dimen148
\calc@Bdimen=\dimen149
\calc@Askip=\skip49
\calc@Bskip=\skip50
LaTeX Info: Redefining \setlength on input line 86.
LaTeX Info: Redefining \addtolength on input line 87.
\calc@Ccount=\count278
\calc@Cskip=\skip51
)
(C:\Users\12549\AppData\Local\Programs\MiKTeX\tex/latex/base\ifthen.sty
Package: ifthen 2024/03/16 v1.1e Standard LaTeX ifthen package (DPC)
)
(C:\Users\12549\AppData\Local\Programs\MiKTeX\tex/latex/ae\ae.sty
Package: ae 2001/02/12 1.3 Almost European Computer Modern

(C:\Users\12549\AppData\Local\Programs\MiKTeX\tex/latex/base\fontenc.sty
Package: fontenc 2025/07/18 v2.1d Standard LaTeX package
))
(C:\Users\12549\AppData\Local\Programs\MiKTeX\tex/latex/xstring\xstring.sty
(C:\Users\12549\AppData\Local\Programs\MiKTeX\tex/generic/xstring\xstring.tex
\xs_counta=\count279
\xs_countb=\count280
)
Package: xstring 2023/08/22 v1.86 String manipulations (CT)
) (C:\Users\12549\AppData\Local\Programs\MiKTeX\tex/latex/etoolbox\etoolbox.sty
Package: etoolbox 2025/10/02 v2.5m e-TeX tools for LaTeX (JAW)
\etb@tempcnta=\count281
)
(C:\Users\12549\AppData\Local\Programs\MiKTeX\tex/latex/pgf/frontendlayer\tikz.
sty
(C:\Users\12549\AppData\Local\Programs\MiKTeX\tex/latex/pgf/basiclayer\pgf.sty
(C:\Users\12549\AppData\Local\Programs\MiKTeX\tex/latex/pgf/utilities\pgfrcs.st
y
(C:\Users\12549\AppData\Local\Programs\MiKTeX\tex/generic/pgf/utilities\pgfutil
-common.tex
\pgfutil@everybye=\toks19
\pgfutil@tempdima=\dimen150
\pgfutil@tempdimb=\dimen151
)
(C:\Users\12549\AppData\Local\Programs\MiKTeX\tex/generic/pgf/utilities\pgfutil
-latex.def
\pgfutil@abb=\box53
)
(C:\Users\12549\AppData\Local\Programs\MiKTeX\tex/generic/pgf/utilities\pgfrcs.
code.tex
(C:\Users\12549\AppData\Local\Programs\MiKTeX\tex/generic/pgf\pgf.revision.tex)
Package: pgfrcs 2025-08-29 v3.1.11a (3.1.11a)
))
Package: pgf 2025-08-29 v3.1.11a (3.1.11a)

(C:\Users\12549\AppData\Local\Programs\MiKTeX\tex/latex/pgf/basiclayer\pgfcore.
sty
(C:\Users\12549\AppData\Local\Programs\MiKTeX\tex/latex/graphics\graphicx.sty
Package: graphicx 2024/12/31 v1.2e Enhanced LaTeX Graphics (DPC,SPQR)

(C:\Users\12549\AppData\Local\Programs\MiKTeX\tex/latex/graphics\graphics.sty
Package: graphics 2024/08/06 v1.4g Standard LaTeX Graphics (DPC,SPQR)

(C:\Users\12549\AppData\Local\Programs\MiKTeX\tex/latex/graphics\trig.sty
Package: trig 2023/12/02 v1.11 sin cos tan (DPC)
)
(C:\Users\12549\AppData\Local\Programs\MiKTeX\tex/latex/graphics-cfg\graphics.c
fg
File: graphics.cfg 2016/06/04 v1.11 sample graphics configuration
)
Package graphics Info: Driver file: pdftex.def on input line 106.

(C:\Users\12549\AppData\Local\Programs\MiKTeX\tex/latex/graphics-def\pdftex.def
File: pdftex.def 2025/09/29 v1.2d Graphics/color driver for pdftex
))
\Gin@req@height=\dimen152
\Gin@req@width=\dimen153
)
(C:\Users\12549\AppData\Local\Programs\MiKTeX\tex/latex/pgf/systemlayer\pgfsys.
sty
(C:\Users\12549\AppData\Local\Programs\MiKTeX\tex/generic/pgf/systemlayer\pgfsy
s.code.tex
Package: pgfsys 2025-08-29 v3.1.11a (3.1.11a)

(C:\Users\12549\AppData\Local\Programs\MiKTeX\tex/generic/pgf/utilities\pgfkeys
.code.tex
\pgfkeys@pathtoks=\toks20
\pgfkeys@temptoks=\toks21

(C:\Users\12549\AppData\Local\Programs\MiKTeX\tex/generic/pgf/utilities\pgfkeys
libraryfiltered.code.tex
\pgfkeys@tmptoks=\toks22
))
\pgf@x=\dimen154
\pgf@y=\dimen155
\pgf@xa=\dimen156
\pgf@ya=\dimen157
\pgf@xb=\dimen158
\pgf@yb=\dimen159
\pgf@xc=\dimen160
\pgf@yc=\dimen161
\pgf@xd=\dimen162
\pgf@yd=\dimen163
\w@pgf@writea=\write3
\r@pgf@reada=\read2
\c@pgf@counta=\count282
\c@pgf@countb=\count283
\c@pgf@countc=\count284
\c@pgf@countd=\count285
\t@pgf@toka=\toks23
\t@pgf@tokb=\toks24
\t@pgf@tokc=\toks25
\pgf@sys@id@count=\count286

(C:\Users\12549\AppData\Local\Programs\MiKTeX\tex/generic/pgf/systemlayer\pgf.c
fg
File: pgf.cfg 2025-08-29 v3.1.11a (3.1.11a)
)
Driver file for pgf: pgfsys-pdftex.def

(C:\Users\12549\AppData\Local\Programs\MiKTeX\tex/generic/pgf/systemlayer\pgfsy
s-pdftex.def
File: pgfsys-pdftex.def 2025-08-29 v3.1.11a (3.1.11a)

(C:\Users\12549\AppData\Local\Programs\MiKTeX\tex/generic/pgf/systemlayer\pgfsy
s-common-pdf.def
File: pgfsys-common-pdf.def 2025-08-29 v3.1.11a (3.1.11a)
)))
(C:\Users\12549\AppData\Local\Programs\MiKTeX\tex/generic/pgf/systemlayer\pgfsy
ssoftpath.code.tex
File: pgfsyssoftpath.code.tex 2025-08-29 v3.1.11a (3.1.11a)
\pgfsyssoftpath@smallbuffer@items=\count287
\pgfsyssoftpath@bigbuffer@items=\count288
)
(C:\Users\12549\AppData\Local\Programs\MiKTeX\tex/generic/pgf/systemlayer\pgfsy
sprotocol.code.tex
File: pgfsysprotocol.code.tex 2025-08-29 v3.1.11a (3.1.11a)
))
(C:\Users\12549\AppData\Local\Programs\MiKTeX\tex/latex/xcolor\xcolor.sty
Package: xcolor 2024/09/29 v3.02 LaTeX color extensions (UK)

(C:\Users\12549\AppData\Local\Programs\MiKTeX\tex/latex/graphics-cfg\color.cfg
File: color.cfg 2016/01/02 v1.6 sample color configuration
)
Package xcolor Info: Driver file: pdftex.def on input line 274.
(C:\Users\12549\AppData\Local\Programs\MiKTeX\tex/latex/graphics\mathcolor.ltx)
Package xcolor Info: Model `cmy' substituted by `cmy0' on input line 1349.
Package xcolor Info: Model `hsb' substituted by `rgb' on input line 1353.
Package xcolor Info: Model `RGB' extended on input line 1365.
Package xcolor Info: Model `HTML' substituted by `rgb' on input line 1367.
Package xcolor Info: Model `Hsb' substituted by `hsb' on input line 1368.
Package xcolor Info: Model `tHsb' substituted by `hsb' on input line 1369.
Package xcolor Info: Model `HSB' substituted by `hsb' on input line 1370.
Package xcolor Info: Model `Gray' substituted by `gray' on input line 1371.
Package xcolor Info: Model `wave' substituted by `hsb' on input line 1372.
)
(C:\Users\12549\AppData\Local\Programs\MiKTeX\tex/generic/pgf/basiclayer\pgfcor
e.code.tex
Package: pgfcore 2025-08-29 v3.1.11a (3.1.11a)

(C:\Users\12549\AppData\Local\Programs\MiKTeX\tex/generic/pgf/math\pgfmath.code
.tex
(C:\Users\12549\AppData\Local\Programs\MiKTeX\tex/generic/pgf/math\pgfmathutil.
code.tex)
(C:\Users\12549\AppData\Local\Programs\MiKTeX\tex/generic/pgf/math\pgfmathparse
r.code.tex
\pgfmath@dimen=\dimen164
\pgfmath@count=\count289
\pgfmath@box=\box54
\pgfmath@toks=\toks26
\pgfmath@stack@operand=\toks27
\pgfmath@stack@operation=\toks28
)
(C:\Users\12549\AppData\Local\Programs\MiKTeX\tex/generic/pgf/math\pgfmathfunct
ions.code.tex)
(C:\Users\12549\AppData\Local\Programs\MiKTeX\tex/generic/pgf/math\pgfmathfunct
ions.basic.code.tex)
(C:\Users\12549\AppData\Local\Programs\MiKTeX\tex/generic/pgf/math\pgfmathfunct
ions.trigonometric.code.tex)
(C:\Users\12549\AppData\Local\Programs\MiKTeX\tex/generic/pgf/math\pgfmathfunct
ions.random.code.tex)
(C:\Users\12549\AppData\Local\Programs\MiKTeX\tex/generic/pgf/math\pgfmathfunct
ions.comparison.code.tex)
(C:\Users\12549\AppData\Local\Programs\MiKTeX\tex/generic/pgf/math\pgfmathfunct
ions.base.code.tex)
(C:\Users\12549\AppData\Local\Programs\MiKTeX\tex/generic/pgf/math\pgfmathfunct
ions.round.code.tex)
(C:\Users\12549\AppData\Local\Programs\MiKTeX\tex/generic/pgf/math\pgfmathfunct
ions.misc.code.tex)
(C:\Users\12549\AppData\Local\Programs\MiKTeX\tex/generic/pgf/math\pgfmathfunct
ions.integerarithmetics.code.tex)
(C:\Users\12549\AppData\Local\Programs\MiKTeX\tex/generic/pgf/math\pgfmathcalc.
code.tex)
(C:\Users\12549\AppData\Local\Programs\MiKTeX\tex/generic/pgf/math\pgfmathfloat
.code.tex
\c@pgfmathroundto@lastzeros=\count290
))
(C:\Users\12549\AppData\Local\Programs\MiKTeX\tex/generic/pgf/math\pgfint.code.
tex)
(C:\Users\12549\AppData\Local\Programs\MiKTeX\tex/generic/pgf/basiclayer\pgfcor
epoints.code.tex
File: pgfcorepoints.code.tex 2025-08-29 v3.1.11a (3.1.11a)
\pgf@picminx=\dimen165
\pgf@picmaxx=\dimen166
\pgf@picminy=\dimen167
\pgf@picmaxy=\dimen168
\pgf@pathminx=\dimen169
\pgf@pathmaxx=\dimen170
\pgf@pathminy=\dimen171
\pgf@pathmaxy=\dimen172
\pgf@xx=\dimen173
\pgf@xy=\dimen174
\pgf@yx=\dimen175
\pgf@yy=\dimen176
\pgf@zx=\dimen177
\pgf@zy=\dimen178
)
(C:\Users\12549\AppData\Local\Programs\MiKTeX\tex/generic/pgf/basiclayer\pgfcor
epathconstruct.code.tex
File: pgfcorepathconstruct.code.tex 2025-08-29 v3.1.11a (3.1.11a)
\pgf@path@lastx=\dimen179
\pgf@path@lasty=\dimen180
)
(C:\Users\12549\AppData\Local\Programs\MiKTeX\tex/generic/pgf/basiclayer\pgfcor
epathusage.code.tex
File: pgfcorepathusage.code.tex 2025-08-29 v3.1.11a (3.1.11a)
\pgf@shorten@end@additional=\dimen181
\pgf@shorten@start@additional=\dimen182
)
(C:\Users\12549\AppData\Local\Programs\MiKTeX\tex/generic/pgf/basiclayer\pgfcor
escopes.code.tex
File: pgfcorescopes.code.tex 2025-08-29 v3.1.11a (3.1.11a)
\pgfpic=\box55
\pgf@hbox=\box56
\pgf@layerbox@main=\box57
\pgf@picture@serial@count=\count291
)
(C:\Users\12549\AppData\Local\Programs\MiKTeX\tex/generic/pgf/basiclayer\pgfcor
egraphicstate.code.tex
File: pgfcoregraphicstate.code.tex 2025-08-29 v3.1.11a (3.1.11a)
\pgflinewidth=\dimen183
)
(C:\Users\12549\AppData\Local\Programs\MiKTeX\tex/generic/pgf/basiclayer\pgfcor
etransformations.code.tex
File: pgfcoretransformations.code.tex 2025-08-29 v3.1.11a (3.1.11a)
\pgf@pt@x=\dimen184
\pgf@pt@y=\dimen185
\pgf@pt@temp=\dimen186
)
(C:\Users\12549\AppData\Local\Programs\MiKTeX\tex/generic/pgf/basiclayer\pgfcor
equick.code.tex
File: pgfcorequick.code.tex 2025-08-29 v3.1.11a (3.1.11a)
)
(C:\Users\12549\AppData\Local\Programs\MiKTeX\tex/generic/pgf/basiclayer\pgfcor
eobjects.code.tex
File: pgfcoreobjects.code.tex 2025-08-29 v3.1.11a (3.1.11a)
)
(C:\Users\12549\AppData\Local\Programs\MiKTeX\tex/generic/pgf/basiclayer\pgfcor
epathprocessing.code.tex
File: pgfcorepathprocessing.code.tex 2025-08-29 v3.1.11a (3.1.11a)
)
(C:\Users\12549\AppData\Local\Programs\MiKTeX\tex/generic/pgf/basiclayer\pgfcor
earrows.code.tex
File: pgfcorearrows.code.tex 2025-08-29 v3.1.11a (3.1.11a)
\pgfarrowsep=\dimen187
)
(C:\Users\12549\AppData\Local\Programs\MiKTeX\tex/generic/pgf/basiclayer\pgfcor
eshade.code.tex
File: pgfcoreshade.code.tex 2025-08-29 v3.1.11a (3.1.11a)
\pgf@max=\dimen188
\pgf@sys@shading@range@num=\count292
\pgf@shadingcount=\count293
)
(C:\Users\12549\AppData\Local\Programs\MiKTeX\tex/generic/pgf/basiclayer\pgfcor
eimage.code.tex
File: pgfcoreimage.code.tex 2025-08-29 v3.1.11a (3.1.11a)
)
(C:\Users\12549\AppData\Local\Programs\MiKTeX\tex/generic/pgf/basiclayer\pgfcor
eexternal.code.tex
File: pgfcoreexternal.code.tex 2025-08-29 v3.1.11a (3.1.11a)
\pgfexternal@startupbox=\box58
)
(C:\Users\12549\AppData\Local\Programs\MiKTeX\tex/generic/pgf/basiclayer\pgfcor
elayers.code.tex
File: pgfcorelayers.code.tex 2025-08-29 v3.1.11a (3.1.11a)
)
(C:\Users\12549\AppData\Local\Programs\MiKTeX\tex/generic/pgf/basiclayer\pgfcor
etransparency.code.tex
File: pgfcoretransparency.code.tex 2025-08-29 v3.1.11a (3.1.11a)
)
(C:\Users\12549\AppData\Local\Programs\MiKTeX\tex/generic/pgf/basiclayer\pgfcor
epatterns.code.tex
File: pgfcorepatterns.code.tex 2025-08-29 v3.1.11a (3.1.11a)
)
(C:\Users\12549\AppData\Local\Programs\MiKTeX\tex/generic/pgf/basiclayer\pgfcor
erdf.code.tex
File: pgfcorerdf.code.tex 2025-08-29 v3.1.11a (3.1.11a)
)))
(C:\Users\12549\AppData\Local\Programs\MiKTeX\tex/generic/pgf/modules\pgfmodule
shapes.code.tex
File: pgfmoduleshapes.code.tex 2025-08-29 v3.1.11a (3.1.11a)
\pgfnodeparttextbox=\box59
)
(C:\Users\12549\AppData\Local\Programs\MiKTeX\tex/generic/pgf/modules\pgfmodule
plot.code.tex
File: pgfmoduleplot.code.tex 2025-08-29 v3.1.11a (3.1.11a)
)
(C:\Users\12549\AppData\Local\Programs\MiKTeX\tex/latex/pgf/compatibility\pgfco
mp-version-0-65.sty
Package: pgfcomp-version-0-65 2025-08-29 v3.1.11a (3.1.11a)
\pgf@nodesepstart=\dimen189
\pgf@nodesepend=\dimen190
)
(C:\Users\12549\AppData\Local\Programs\MiKTeX\tex/latex/pgf/compatibility\pgfco
mp-version-1-18.sty
Package: pgfcomp-version-1-18 2025-08-29 v3.1.11a (3.1.11a)
))
(C:\Users\12549\AppData\Local\Programs\MiKTeX\tex/latex/pgf/utilities\pgffor.st
y
(C:\Users\12549\AppData\Local\Programs\MiKTeX\tex/latex/pgf/utilities\pgfkeys.s
ty
(C:\Users\12549\AppData\Local\Programs\MiKTeX\tex/generic/pgf/utilities\pgfkeys
.code.tex))
(C:\Users\12549\AppData\Local\Programs\MiKTeX\tex/latex/pgf/math\pgfmath.sty
(C:\Users\12549\AppData\Local\Programs\MiKTeX\tex/generic/pgf/math\pgfmath.code
.tex))
(C:\Users\12549\AppData\Local\Programs\MiKTeX\tex/generic/pgf/utilities\pgffor.
code.tex
Package: pgffor 2025-08-29 v3.1.11a (3.1.11a)
\pgffor@iter=\dimen191
\pgffor@skip=\dimen192
\pgffor@stack=\toks29
\pgffor@toks=\toks30
))
(C:\Users\12549\AppData\Local\Programs\MiKTeX\tex/generic/pgf/frontendlayer/tik
z\tikz.code.tex
Package: tikz 2025-08-29 v3.1.11a (3.1.11a)

(C:\Users\12549\AppData\Local\Programs\MiKTeX\tex/generic/pgf/libraries\pgflibr
aryplothandlers.code.tex
File: pgflibraryplothandlers.code.tex 2025-08-29 v3.1.11a (3.1.11a)
\pgf@plot@mark@count=\count294
\pgfplotmarksize=\dimen193
)
\tikz@lastx=\dimen194
\tikz@lasty=\dimen195
\tikz@lastxsaved=\dimen196
\tikz@lastysaved=\dimen197
\tikz@lastmovetox=\dimen198
\tikz@lastmovetoy=\dimen199
\tikzleveldistance=\dimen256
\tikzsiblingdistance=\dimen257
\tikz@figbox=\box60
\tikz@figbox@bg=\box61
\tikz@tempbox=\box62
\tikz@tempbox@bg=\box63
\tikztreelevel=\count295
\tikznumberofchildren=\count296
\tikznumberofcurrentchild=\count297
\tikz@fig@count=\count298

(C:\Users\12549\AppData\Local\Programs\MiKTeX\tex/generic/pgf/modules\pgfmodule
matrix.code.tex
File: pgfmodulematrix.code.tex 2025-08-29 v3.1.11a (3.1.11a)
\pgfmatrixcurrentrow=\count299
\pgfmatrixcurrentcolumn=\count300
\pgf@matrix@numberofcolumns=\count301
)
\tikz@expandcount=\count302

(C:\Users\12549\AppData\Local\Programs\MiKTeX\tex/generic/pgf/frontendlayer/tik
z/libraries\tikzlibrarytopaths.code.tex
File: tikzlibrarytopaths.code.tex 2025-08-29 v3.1.11a (3.1.11a)
)))
(C:\Users\12549\AppData\Local\Programs\MiKTeX\tex/generic/pgf/frontendlayer/tik
z/libraries\tikzlibraryshapes.code.tex
File: tikzlibraryshapes.code.tex 2025-08-29 v3.1.11a (3.1.11a)

(C:\Users\12549\AppData\Local\Programs\MiKTeX\tex/generic/pgf/frontendlayer/tik
z/libraries\tikzlibraryshapes.geometric.code.tex
File: tikzlibraryshapes.geometric.code.tex 2025-08-29 v3.1.11a (3.1.11a)

(C:\Users\12549\AppData\Local\Programs\MiKTeX\tex/generic/pgf/libraries/shapes\
pgflibraryshapes.geometric.code.tex
File: pgflibraryshapes.geometric.code.tex 2025-08-29 v3.1.11a (3.1.11a)
))
(C:\Users\12549\AppData\Local\Programs\MiKTeX\tex/generic/pgf/frontendlayer/tik
z/libraries\tikzlibraryshapes.misc.code.tex
File: tikzlibraryshapes.misc.code.tex 2025-08-29 v3.1.11a (3.1.11a)

(C:\Users\12549\AppData\Local\Programs\MiKTeX\tex/generic/pgf/libraries/shapes\
pgflibraryshapes.misc.code.tex
File: pgflibraryshapes.misc.code.tex 2025-08-29 v3.1.11a (3.1.11a)
))
(C:\Users\12549\AppData\Local\Programs\MiKTeX\tex/generic/pgf/frontendlayer/tik
z/libraries\tikzlibraryshapes.symbols.code.tex
File: tikzlibraryshapes.symbols.code.tex 2025-08-29 v3.1.11a (3.1.11a)

(C:\Users\12549\AppData\Local\Programs\MiKTeX\tex/generic/pgf/libraries/shapes\
pgflibraryshapes.symbols.code.tex
File: pgflibraryshapes.symbols.code.tex 2025-08-29 v3.1.11a (3.1.11a)
))
(C:\Users\12549\AppData\Local\Programs\MiKTeX\tex/generic/pgf/frontendlayer/tik
z/libraries\tikzlibraryshapes.arrows.code.tex
File: tikzlibraryshapes.arrows.code.tex 2025-08-29 v3.1.11a (3.1.11a)

(C:\Users\12549\AppData\Local\Programs\MiKTeX\tex/generic/pgf/libraries/shapes\
pgflibraryshapes.arrows.code.tex
File: pgflibraryshapes.arrows.code.tex 2025-08-29 v3.1.11a (3.1.11a)
))
(C:\Users\12549\AppData\Local\Programs\MiKTeX\tex/generic/pgf/frontendlayer/tik
z/libraries\tikzlibraryshapes.callouts.code.tex
(C:\Users\12549\AppData\Local\Programs\MiKTeX\tex/generic/pgf/libraries/shapes\
pgflibraryshapes.callouts.code.tex))
(C:\Users\12549\AppData\Local\Programs\MiKTeX\tex/generic/pgf/frontendlayer/tik
z/libraries\tikzlibraryshapes.multipart.code.tex
File: tikzlibraryshapes.multipart.code.tex 2025-08-29 v3.1.11a (3.1.11a)

(C:\Users\12549\AppData\Local\Programs\MiKTeX\tex/generic/pgf/libraries/shapes\
pgflibraryshapes.multipart.code.tex
File: pgflibraryshapes.multipart.code.tex 2025-08-29 v3.1.11a (3.1.11a)
\pgfnodepartlowerbox=\box64
\pgfnodeparttwobox=\box65
\pgfnodepartthreebox=\box66
\pgfnodepartfourbox=\box67
\pgfnodeparttwentybox=\box68
\pgfnodepartnineteenbox=\box69
\pgfnodeparteighteenbox=\box70
\pgfnodepartseventeenbox=\box71
\pgfnodepartsixteenbox=\box72
\pgfnodepartfifteenbox=\box73
\pgfnodepartfourteenbox=\box74
\pgfnodepartthirteenbox=\box75
\pgfnodeparttwelvebox=\box76
\pgfnodepartelevenbox=\box77
\pgfnodeparttenbox=\box78
\pgfnodepartninebox=\box79
\pgfnodeparteightbox=\box80
\pgfnodepartsevenbox=\box81
\pgfnodepartsixbox=\box82
\pgfnodepartfivebox=\box83
)))
(C:\Users\12549\AppData\Local\Programs\MiKTeX\tex/generic/pgf/frontendlayer/tik
z/libraries\tikzlibrarydecorations.code.tex
(C:\Users\12549\AppData\Local\Programs\MiKTeX\tex/generic/pgf/modules\pgfmodule
decorations.code.tex
\pgfdecoratedcompleteddistance=\dimen258
\pgfdecoratedremainingdistance=\dimen259
\pgfdecoratedinputsegmentcompleteddistance=\dimen260
\pgfdecoratedinputsegmentremainingdistance=\dimen261
\pgf@decorate@distancetomove=\dimen262
\pgf@decorate@repeatstate=\count303
\pgfdecorationsegmentamplitude=\dimen263
\pgfdecorationsegmentlength=\dimen264
)
\tikz@lib@dec@box=\box84
)
(C:\Users\12549\AppData\Local\Programs\MiKTeX\tex/generic/pgf/frontendlayer/tik
z/libraries\tikzlibraryshadows.code.tex
File: tikzlibraryshadows.code.tex 2025-08-29 v3.1.11a (3.1.11a)

(C:\Users\12549\AppData\Local\Programs\MiKTeX\tex/generic/pgf/frontendlayer/tik
z/libraries\tikzlibraryfadings.code.tex
File: tikzlibraryfadings.code.tex 2025-08-29 v3.1.11a (3.1.11a)

(C:\Users\12549\AppData\Local\Programs\MiKTeX\tex/generic/pgf/libraries\pgflibr
aryfadings.code.tex
File: pgflibraryfadings.code.tex 2025-08-29 v3.1.11a (3.1.11a)
)))
(C:\Users\12549\AppData\Local\Programs\MiKTeX\tex/generic/pgf/frontendlayer/tik
z/libraries\tikzlibrarybackgrounds.code.tex
File: tikzlibrarybackgrounds.code.tex 2025-08-29 v3.1.11a (3.1.11a)
\pgf@layerbox@background=\box85
\pgf@layerboxsaved@background=\box86
)
(C:\Users\12549\AppData\Local\Programs\MiKTeX\tex/generic/pgf/frontendlayer/tik
z/libraries\tikzlibrarycalc.code.tex
File: tikzlibrarycalc.code.tex 2025-08-29 v3.1.11a (3.1.11a)
)
(C:\Users\12549\AppData\Local\Programs\MiKTeX\tex/generic/pgf/frontendlayer/tik
z/libraries\tikzlibraryfit.code.tex
File: tikzlibraryfit.code.tex 2025-08-29 v3.1.11a (3.1.11a)
)
(C:\Users\12549\AppData\Local\Programs\MiKTeX\tex/generic/pgf/frontendlayer/tik
z/libraries\tikzlibrarydecorations.pathmorphing.code.tex
(C:\Users\12549\AppData\Local\Programs\MiKTeX\tex/generic/pgf/libraries/decorat
ions\pgflibrarydecorations.pathmorphing.code.tex))
(C:\Users\12549\AppData\Local\Programs\MiKTeX\tex/generic/pgf/libraries\pgflibr
aryarrows.code.tex
File: pgflibraryarrows.code.tex 2025-08-29 v3.1.11a (3.1.11a)
\arrowsize=\dimen265
)
\TP@innermargin=\dimen266
\TP@visibletextwidth=\dimen267
\TP@visibletextheight=\dimen268
\TP@titlewidth=\dimen269
\titlewidth=\dimen270
\TP@titlelinewidth=\dimen271
\titlelinewidth=\dimen272
\titleinnersep=\dimen273
\TP@titleinnersep=\dimen274
\TP@titletotopverticalspace=\dimen275
\titletotopverticalspace=\dimen276
\TP@titletoblockverticalspace=\dimen277
\TP@titleheight=\dimen278
\titleheight=\dimen279
\titlegraphicheight=\dimen280
\titleposleft=\dimen281
\titleposright=\dimen282
\titlepostop=\dimen283
\titleposbottom=\dimen284
\TP@titlegraphictotitledistance=\dimen285
\TP@colspace=\dimen286
\TP@coltop=\dimen287
\TP@colbottom=\dimen288
\TP@colcenter=\dimen289
\colwidth=\dimen290
\TP@subcolspace=\dimen291
\TP@subcoltop=\dimen292
\TP@subcolbottom=\dimen293
\TP@subcolcenter=\dimen294
\subcolwidth=\dimen295
\TP@blockverticalspace=\dimen296
\TP@blockcenter=\dimen297
\TP@blocktitleinnersep=\dimen298
\blocktitleinnersep=\dimen299
\TP@blockbodyinnersep=\dimen300
\blockbodyinnersep=\dimen301
\TP@blocktitlebox=\box87
\TP@blockbodybox=\box88
\TP@blocktitlewidth=\dimen302
\TP@blockbodywidth=\dimen303
\TP@blockbodyheight=\dimen304
\TP@blocktitleheight=\dimen305
\TP@blocktop=\dimen306
\TP@blocktitleoffsetx=\dimen307
\TP@blocktitleoffsety=\dimen308
\TP@blockbodyoffsetx=\dimen309
\TP@blockbodyoffsety=\dimen310
\TP@blockbodyverticalshift=\dimen311
\blocklinewidth=\dimen312
\TP@innerblockcenter=\dimen313
\TP@innerblocktitleinnersep=\dimen314
\innerblocktitleinnersep=\dimen315
\TP@innerblockbodyinnersep=\dimen316
\innerblockbodyinnersep=\dimen317
\TP@innerblocktitlebox=\box89
\TP@innerblockbodybox=\box90
\TP@innerblocktitlewidth=\dimen318
\TP@innerblockbodywidth=\dimen319
\TP@innerblockbodyheight=\dimen320
\TP@innerblocktitleheight=\dimen321
\TP@innerblocktitleoffsetx=\dimen322
\TP@innerblocktitleoffsety=\dimen323
\TP@innerblockbodyoffsetx=\dimen324
\TP@innerblockbodyoffsety=\dimen325
\TP@innerblockbodyverticalshift=\dimen326
\innerblocklinewidth=\dimen327
\TP@coloredbox=\box91
\TP@coloredboxwidth=\dimen328
\TP@coloredboxlinewidth=\dimen329
\TP@coloredboxinnersep=\dimen330
\TP@coloredboxheight=\dimen331
\TP@noteinnersep=\dimen332
\noteinnersep=\dimen333
\TP@notetargetoffsetx=\dimen334
\TP@notetargetoffsety=\dimen335
\TP@noteradius=\dimen336
\TP@notewidth=\dimen337
\TP@noteheight=\dimen338
\TP@notebox=\box92
\notelinewidth=\dimen339

(C:\Users\12549\AppData\Local\Programs\MiKTeX\tex/latex/extsizes\extarticle.cls
Document Class: extarticle 1996/10/08 v1.0 Non Standard LaTeX document class
(C:\Users\12549\AppData\Local\Programs\MiKTeX\tex/latex/extsizes\size14.clo
File: size14.clo 1999/11/11 v1.4a NON-Standard LaTeX file (size option)
)
(C:\Users\12549\AppData\Local\Programs\MiKTeX\tex/latex/base\exscale.sty
Package: exscale 2025/06/05 v2.1i Standard LaTeX package exscale
LaTeX Font Info:    Redeclaring symbol font `largesymbols' on input line 57.
LaTeX Font Info:    Overwriting symbol font `largesymbols' in version `normal'
(Font)                  OMX/cmex/m/n --> OMX/cmex/m/n on input line 57.
LaTeX Font Info:    Overwriting symbol font `largesymbols' in version `bold'
(Font)                  OMX/cmex/m/n --> OMX/cmex/m/n on input line 57.
\big@size=\dimen340
)
\c@part=\count304
\c@section=\count305
\c@subsection=\count306
\c@subsubsection=\count307
\c@paragraph=\count308
\c@subparagraph=\count309
\c@figure=\count310
\c@table=\count311
\abovecaptionskip=\skip52
\belowcaptionskip=\skip53
\bibindent=\dimen341
)
(C:\Users\12549\AppData\Local\Programs\MiKTeX\tex/latex/geometry\geometry.sty
Package: geometry 2026/03/07 v6.0 Page Geometry

(C:\Users\12549\AppData\Local\Programs\MiKTeX\tex/generic/iftex\ifvtex.sty
Package: ifvtex 2019/10/25 v1.7 ifvtex legacy package. Use iftex instead.

(C:\Users\12549\AppData\Local\Programs\MiKTeX\tex/generic/iftex\iftex.sty
Package: iftex 2024/12/12 v1.0g TeX engine tests
))
\Gm@cnth=\count312
\Gm@cntv=\count313
\c@Gm@tempcnt=\count314
\Gm@bindingoffset=\dimen342
\Gm@wd@mp=\dimen343
\Gm@odd@mp=\dimen344
\Gm@even@mp=\dimen345
\Gm@layoutwidth=\dimen346
\Gm@layoutheight=\dimen347
\Gm@layouthoffset=\dimen348
\Gm@layoutvoffset=\dimen349
\Gm@dimlist=\toks31

(C:\Users\12549\AppData\Local\Programs\MiKTeX\tex/latex/geometry\geometry.cfg))
\pgf@layerbox@backgroundlayer=\box93
\pgf@layerboxsaved@backgroundlayer=\box94
\pgf@layerbox@notelayer=\box95
\pgf@layerboxsaved@notelayer=\box96

(C:\Users\12549\AppData\Local\Programs\MiKTeX\tex/latex/tikzposter\tikzposterCo
lorpalettes.tex)
(C:\Users\12549\AppData\Local\Programs\MiKTeX\tex/latex/tikzposter\tikzposterCo
lorstyles.tex)
(C:\Users\12549\AppData\Local\Programs\MiKTeX\tex/latex/tikzposter\tikzposterBa
ckgroundstyles.tex)
(C:\Users\12549\AppData\Local\Programs\MiKTeX\tex/latex/tikzposter\tikzposterTi
tlestyles.tex)
(C:\Users\12549\AppData\Local\Programs\MiKTeX\tex/latex/tikzposter\tikzposterBl
ockstyles.tex)
(C:\Users\12549\AppData\Local\Programs\MiKTeX\tex/latex/tikzposter\tikzposterIn
nerblockstyles.tex)
(C:\Users\12549\AppData\Local\Programs\MiKTeX\tex/latex/tikzposter\tikzposterNo
testyles.tex)
(C:\Users\12549\AppData\Local\Programs\MiKTeX\tex/latex/tikzposter\tikzposterLa
youtthemes.tex)
\c@figurecounter=\count315
)
(C:\Users\12549\AppData\Local\Programs\MiKTeX\tex/latex/base\inputenc.sty
Package: inputenc 2024/02/08 v1.3d Input encoding file
\inpenc@prehook=\toks32
\inpenc@posthook=\toks33
)
(C:\Users\12549\AppData\Local\Programs\MiKTeX\tex/latex/base\fontenc.sty
Package: fontenc 2025/07/18 v2.1d Standard LaTeX package
LaTeX Font Info:    Trying to load font information for T1+aer on input line 11
6.

(C:\Users\12549\AppData\Local\Programs\MiKTeX\tex/latex/ae\t1aer.fd
File: t1aer.fd 1997/11/16 Font definitions for T1/aer.
))
(C:\Users\12549\AppData\Local\Programs\MiKTeX\tex/latex/amsmath\amsmath.sty
Package: amsmath 2025/07/09 v2.17z AMS math features
\@mathmargin=\skip54

For additional information on amsmath, use the `?' option.
(C:\Users\12549\AppData\Local\Programs\MiKTeX\tex/latex/amsmath\amstext.sty
Package: amstext 2024/11/17 v2.01 AMS text

(C:\Users\12549\AppData\Local\Programs\MiKTeX\tex/latex/amsmath\amsgen.sty
File: amsgen.sty 1999/11/30 v2.0 generic functions
\@emptytoks=\toks34
\ex@=\dimen350
))
(C:\Users\12549\AppData\Local\Programs\MiKTeX\tex/latex/amsmath\amsbsy.sty
Package: amsbsy 1999/11/29 v1.2d Bold Symbols
\pmbraise@=\dimen351
)
(C:\Users\12549\AppData\Local\Programs\MiKTeX\tex/latex/amsmath\amsopn.sty
Package: amsopn 2022/04/08 v2.04 operator names
)
\inf@bad=\count316
LaTeX Info: Redefining \frac on input line 233.
\uproot@=\count317
\leftroot@=\count318
LaTeX Info: Redefining \overline on input line 398.
LaTeX Info: Redefining \colon on input line 409.
\classnum@=\count319
\DOTSCASE@=\count320
LaTeX Info: Redefining \ldots on input line 495.
LaTeX Info: Redefining \dots on input line 498.
LaTeX Info: Redefining \cdots on input line 619.
\Mathstrutbox@=\box97
\strutbox@=\box98
LaTeX Info: Redefining \big on input line 721.
LaTeX Info: Redefining \Big on input line 722.
LaTeX Info: Redefining \bigg on input line 723.
LaTeX Info: Redefining \Bigg on input line 724.
\big@size=\dimen352
LaTeX Font Info:    Redeclaring font encoding OML on input line 742.
LaTeX Font Info:    Redeclaring font encoding OMS on input line 743.
\macc@depth=\count321
LaTeX Info: Redefining \bmod on input line 904.
LaTeX Info: Redefining \pmod on input line 909.
LaTeX Info: Redefining \smash on input line 939.
LaTeX Info: Redefining \relbar on input line 969.
LaTeX Info: Redefining \Relbar on input line 970.
\c@MaxMatrixCols=\count322
\dotsspace@=\muskip17
\c@parentequation=\count323
\dspbrk@lvl=\count324
\tag@help=\toks35
\row@=\count325
\column@=\count326
\maxfields@=\count327
\andhelp@=\toks36
\eqnshift@=\dimen353
\alignsep@=\dimen354
\tagshift@=\dimen355
\tagwidth@=\dimen356
\totwidth@=\dimen357
\lineht@=\dimen358
\@envbody=\toks37
\multlinegap=\skip55
\multlinetaggap=\skip56
\mathdisplay@stack=\toks38
LaTeX Info: Redefining \[ on input line 2950.
LaTeX Info: Redefining \] on input line 2951.
)
(C:\Users\12549\AppData\Local\Programs\MiKTeX\tex/latex/amsfonts\amssymb.sty
Package: amssymb 2013/01/14 v3.01 AMS font symbols

(C:\Users\12549\AppData\Local\Programs\MiKTeX\tex/latex/amsfonts\amsfonts.sty
Package: amsfonts 2013/01/14 v3.01 Basic AMSFonts support
\symAMSa=\mathgroup4
\symAMSb=\mathgroup5
LaTeX Font Info:    Redeclaring math symbol \hbar on input line 98.
LaTeX Font Info:    Overwriting math alphabet `\mathfrak' in version `bold'
(Font)                  U/euf/m/n --> U/euf/b/n on input line 106.
))
(C:\Users\12549\AppData\Local\Programs\MiKTeX\tex/latex/adjustbox\adjustbox.sty
Package: adjustbox 2025/02/26 v1.3c Adjusting TeX boxes (trim, clip, ...)
(C:\Users\12549\AppData\Local\Programs\MiKTeX\tex/latex/adjustbox\adjcalc.sty
Package: adjcalc 2012/05/16 v1.1 Provides advanced setlength with multiple back
-ends (calc, etex, pgfmath)
)
(C:\Users\12549\AppData\Local\Programs\MiKTeX\tex/latex/adjustbox\trimclip.sty
Package: trimclip 2025/02/21 v1.2a Trim and clip general TeX material

(C:\Users\12549\AppData\Local\Programs\MiKTeX\tex/latex/collectbox\collectbox.s
ty
Package: collectbox 2022/10/17 v0.4c Collect macro arguments as boxes
\collectedbox=\box99
)
\tc@llx=\dimen359
\tc@lly=\dimen360
\tc@urx=\dimen361
\tc@ury=\dimen362
Package trimclip Info: Using driver 'tc-pdftex.def'.

(C:\Users\12549\AppData\Local\Programs\MiKTeX\tex/latex/adjustbox\tc-pdftex.def
File: tc-pdftex.def 2025/02/26 v2.3 Clipping driver for pdftex
))
\adjbox@Width=\dimen363
\adjbox@Height=\dimen364
\adjbox@Depth=\dimen365
\adjbox@Totalheight=\dimen366
\adjbox@pwidth=\dimen367
\adjbox@pheight=\dimen368
\adjbox@pdepth=\dimen369
\adjbox@ptotalheight=\dimen370
)
(C:\Users\12549\AppData\Local\Programs\MiKTeX\tex/latex/booktabs\booktabs.sty
Package: booktabs 2020/01/12 v1.61803398 Publication quality tables
\heavyrulewidth=\dimen371
\lightrulewidth=\dimen372
\cmidrulewidth=\dimen373
\belowrulesep=\dimen374
\belowbottomsep=\dimen375
\aboverulesep=\dimen376
\abovetopsep=\dimen377
\cmidrulesep=\dimen378
\cmidrulekern=\dimen379
\defaultaddspace=\dimen380
\@cmidla=\count328
\@cmidlb=\count329
\@aboverulesep=\dimen381
\@belowrulesep=\dimen382
\@thisruleclass=\count330
\@lastruleclass=\count331
\@thisrulewidth=\dimen383
)
(C:\Users\12549\AppData\Local\Programs\MiKTeX\tex/latex/tools\array.sty
Package: array 2025/09/25 v2.6n Tabular extension package (FMi)
\col@sep=\dimen384
\ar@mcellbox=\box100
\extrarowheight=\dimen385
\NC@list=\toks39
\extratabsurround=\skip57
\backup@length=\skip58
\ar@cellbox=\box101
)
(C:\Users\12549\AppData\Local\Programs\MiKTeX\tex/latex/enumitem\enumitem.sty
Package: enumitem 2025/02/06 v3.11 Customized lists
\enitkv@toks@=\toks40
\labelindent=\skip59
\enit@outerparindent=\dimen386
\enit@toks=\toks41
\enit@inbox=\box102
\enit@count@id=\count332
\enitdp@description=\count333
)
(uwtheme.sty)
(C:\Users\12549\AppData\Local\Programs\MiKTeX\tex/generic/pgf/libraries\pgflibr
aryarrows.meta.code.tex
File: pgflibraryarrows.meta.code.tex 2025-08-29 v3.1.11a (3.1.11a)
\pgfarrowinset=\dimen387
\pgfarrowlength=\dimen388
\pgfarrowwidth=\dimen389
\pgfarrowlinewidth=\dimen390
)
(C:\Users\12549\AppData\Local\Programs\MiKTeX\tex/generic/pgf/frontendlayer/tik
z/libraries\tikzlibrarypositioning.code.tex
File: tikzlibrarypositioning.code.tex 2025-08-29 v3.1.11a (3.1.11a)
)
(C:\Users\12549\AppData\Local\Programs\MiKTeX\tex/latex/psnfss\helvet.sty
Package: helvet 2020/03/25 PSNFSS-v9.3 (WaS) 
)
LaTeX Font Info:    Trying to load font information for T1+phv on input line 58
.

(C:\Users\12549\AppData\Local\Programs\MiKTeX\tex/latex/psnfss\t1phv.fd
File: t1phv.fd 2020/03/25 scalable font definitions for T1/phv.
)
LaTeX Font Info:    Font shape `T1/phv/m/n' will be
(Font)              scaled to size 13.67995pt on input line 58.

(C:\Users\12549\AppData\Local\Programs\MiKTeX\tex/latex/l3backend\l3backend-pdf
tex.def
File: l3backend-pdftex.def 2025-10-09 L3 backend support: PDF output (pdfTeX)
\l__color_backend_stack_int=\count334
)

LaTeX Warning: Unused global option(s):
    [margin=0.72in,innermargin=-4.5in,blockverticalspace=-0.72in].

(main.aux)
\openout1 = `main.aux'.

LaTeX Font Info:    Checking defaults for OML/cmm/m/it on input line 58.
LaTeX Font Info:    ... okay on input line 58.
LaTeX Font Info:    Checking defaults for OMS/cmsy/m/n on input line 58.
LaTeX Font Info:    ... okay on input line 58.
LaTeX Font Info:    Checking defaults for OT1/cmr/m/n on input line 58.
LaTeX Font Info:    ... okay on input line 58.
LaTeX Font Info:    Checking defaults for T1/cmr/m/n on input line 58.
LaTeX Font Info:    ... okay on input line 58.
LaTeX Font Info:    Checking defaults for TS1/cmr/m/n on input line 58.
LaTeX Font Info:    ... okay on input line 58.
LaTeX Font Info:    Checking defaults for OMX/cmex/m/n on input line 58.
LaTeX Font Info:    ... okay on input line 58.
LaTeX Font Info:    Checking defaults for U/cmr/m/n on input line 58.
LaTeX Font Info:    ... okay on input line 58.

(C:\Users\12549\AppData\Local\Programs\MiKTeX\tex/context/base/mkii\supp-pdf.mk
ii
[Loading MPS to PDF converter (version 2006.09.02).]
\scratchcounter=\count335
\scratchdimen=\dimen391
\scratchbox=\box103
\nofMPsegments=\count336
\nofMParguments=\count337
\everyMPshowfont=\toks42
\MPscratchCnt=\count338
\MPscratchDim=\dimen392
\MPnumerator=\count339
\makeMPintoPDFobject=\count340
\everyMPtoPDFconversion=\toks43
)
(C:\Users\12549\AppData\Local\Programs\MiKTeX\tex/latex/epstopdf-pkg\epstopdf-b
ase.sty
Package: epstopdf-base 2020-01-24 v2.11 Base part for package epstopdf
Package epstopdf-base Info: Redefining graphics rule for `.eps' on input line 4
85.

(C:\Users\12549\AppData\Local\Programs\MiKTeX\tex/latex/00miktex\epstopdf-sys.c
fg
File: epstopdf-sys.cfg 2021/03/18 v2.0 Configuration of epstopdf for MiKTeX
))
*geometry* driver: auto-detecting
*geometry* detected driver: pdftex
*geometry* verbose mode - [ preamble ] result:
* driver: pdftex
* paper: custom
* layout: <same size as paper>
* layoutoffset:(h,v)=(0.0pt,0.0pt)
* modes: 
* h-part:(L,W,R)=(52.03448pt, 2931.27103pt, 52.03448pt)
* v-part:(T,H,B)=(52.03448pt, 1955.62602pt, 52.03448pt)
* \paperwidth=3035.34pt
* \paperheight=2059.69499pt
* \textwidth=2931.27103pt
* \textheight=1955.62602pt
* \oddsidemargin=-20.2355pt
* \evensidemargin=-20.2355pt
* \topmargin=-59.2355pt
* \headheight=14.0pt
* \headsep=25.0pt
* \topskip=14.0pt
* \footskip=30.0pt
* \marginparwidth=24.0pt
* \marginparsep=10.0pt
* \columnsep=10.0pt
* \skip\footins=12.0pt plus 4.0pt minus 2.0pt
* \hoffset=0.0pt
* \voffset=0.0pt
* \mag=1000
* \@twocolumnfalse
* \@twosidefalse
* \@mparswitchfalse
* \@reversemarginfalse
* (1in=72.27pt=25.4mm, 1cm=28.453pt)

<uwlogocenter.png, id=28, 614.295pt x 404.9529pt>
File: uwlogocenter.png Graphic file (type png)
<use uwlogocenter.png>
Package pdftex.def Info: uwlogocenter.png  used on input line 58.
(pdftex.def)             Requested size: 293.14499pt x 193.2444pt.
Missing character: There is no 1 in font nullfont!
Missing character: There is no = in font nullfont!
Missing character: There is no 1 in font nullfont!
LaTeX Font Info:    Font shape `T1/phv/b/n' will be
(Font)              scaled to size 13.67995pt on input line 60.
LaTeX Font Info:    Font shape `T1/phv/b/n' will be
(Font)              scaled to size 28.3669pt on input line 60.
LaTeX Font Info:    Font shape `T1/phv/m/n' will be
(Font)              scaled to size 23.63593pt on input line 60.
LaTeX Font Info:    Font shape `T1/phv/m/n' will be
(Font)              scaled to size 19.70294pt on input line 60.
File: uwlogocenter.png Graphic file (type png)
<use uwlogocenter.png>
Package pdftex.def Info: uwlogocenter.png  used on input line 60.
(pdftex.def)             Requested size: 293.14499pt x 193.2444pt.
LaTeX Font Info:    Trying to load font information for U+msa on input line 60.

(C:\Users\12549\AppData\Local\Programs\MiKTeX\tex/latex/amsfonts\umsa.fd
File: umsa.fd 2013/01/14 v3.01 AMS symbols A
)
LaTeX Font Info:    Trying to load font information for U+msb on input line 60.


(C:\Users\12549\AppData\Local\Programs\MiKTeX\tex/latex/amsfonts\umsb.fd
File: umsb.fd 2013/01/14 v3.01 AMS symbols B
)
File: uwlogocenter.png Graphic file (type png)
<use uwlogocenter.png>
Package pdftex.def Info: uwlogocenter.png  used on input line 60.
(pdftex.def)             Requested size: 293.14499pt x 193.2444pt.
LaTeX Font Info:    Font shape `T1/phv/b/n' will be
(Font)              scaled to size 23.63593pt on input line 62.
LaTeX Font Info:    Font shape `T1/phv/m/n' will be
(Font)              scaled to size 16.41594pt on input line 62.
LaTeX Font Info:    Font shape `T1/phv/b/n' will be
(Font)              scaled to size 16.41594pt on input line 130.
LaTeX Font Info:    Trying to load font information for T1+aett on input line 1
30.

(C:\Users\12549\AppData\Local\Programs\MiKTeX\tex/latex/ae\t1aett.fd
File: t1aett.fd 1997/11/16 Font definitions for T1/aett.
)
Underfull \hbox (badness 1824) in paragraph at lines 130--130
[]\T1/phv/m/n/17.28 Can action-level be-hav-ior poi-son-ing dur-ing MAPPO roll-
out col-lec-tion de-grade fi-nal clean-evaluation
 []


Overfull \hbox (4.39998pt too wide) in paragraph at lines 130--130
[][] 
 []

LaTeX Font Info:    Font shape `T1/phv/m/n' will be
(Font)              scaled to size 7.59998pt on input line 130.
LaTeX Font Info:    Font shape `T1/phv/b/n' will be
(Font)              scaled to size 7.59998pt on input line 130.
LaTeX Font Info:    Font shape `T1/phv/m/n' will be
(Font)              scaled to size 11.39996pt on input line 130.
LaTeX Font Info:    Font shape `T1/phv/b/n' will be
(Font)              scaled to size 11.39996pt on input line 130.
LaTeX Font Info:    Font shape `T1/phv/m/n' will be
(Font)              scaled to size 9.49997pt on input line 184.
LaTeX Font Info:    Font shape `T1/phv/b/n' will be
(Font)              scaled to size 9.49997pt on input line 184.

Overfull \hbox (4.39998pt too wide) in paragraph at lines 221--221
[][] 
 []

<figures/degradation_by_probability.png, id=30, 815.53915pt x 448.35196pt>
File: figures/degradation_by_probability.png Graphic file (type png)
<use figures/degradation_by_probability.png>
Package pdftex.def Info: figures/degradation_by_probability.png  used on input 
line 266.
(pdftex.def)             Requested size: 940.40135pt x 517.01689pt.
LaTeX Font Info:    Trying to load font information for TS1+phv on input line 2
66.
(C:\Users\12549\AppData\Local\Programs\MiKTeX\tex/latex/psnfss\ts1phv.fd
File: ts1phv.fd 2020/03/25 scalable font definitions for TS1/phv.
)
LaTeX Font Info:    Font shape `TS1/phv/m/n' will be
(Font)              scaled to size 11.39996pt on input line 266.

Overfull \hbox (4.4pt too wide) in paragraph at lines 266--266
[][] 
 []


Overfull \hbox (4.4pt too wide) in paragraph at lines 266--266
[][] 
 []

<figures/seed_heatmap.png, id=31, 632.64046pt x 702.13084pt>
File: figures/seed_heatmap.png Graphic file (type png)
<use figures/seed_heatmap.png>
Package pdftex.def Info: figures/seed_heatmap.png  used on input line 280.
(pdftex.def)             Requested size: 459.97672pt x 510.50494pt.

Overfull \hbox (4.4pt too wide) in paragraph at lines 280--280
[][] 
 []

<figures/coverage_mechanism.png, id=32, 960.91304pt x 441.95885pt>
File: figures/coverage_mechanism.png Graphic file (type png)
<use figures/coverage_mechanism.png>
Package pdftex.def Info: figures/coverage_mechanism.png  used on input line 307
.
(pdftex.def)             Requested size: 813.42143pt x 374.13596pt.
LaTeX Font Info:    Font shape `TS1/phv/m/n' will be
(Font)              scaled to size 16.41594pt on input line 307.

Overfull \hbox (4.39998pt too wide) in paragraph at lines 307--307
[][] 
 []


Overfull \hbox (4.39998pt too wide) in paragraph at lines 330--330
[][] 
 []


Overfull \hbox (4.39998pt too wide) in paragraph at lines 349--349
[][] 
 []

[1

{C:/Users/12549/AppData/Local/MiKTeX/fonts/map/pdftex/pdftex.map}{C:/Users/1254
9/AppData/Local/Programs/MiKTeX/fonts/enc/dvips/base/8r.enc} <./uwlogocenter.pn
g> <./figures/degradation_by_probability.png> <./figures/seed_heatmap.png> <./f
igures/coverage_mechanism.png>] (main.aux)
 ***********
LaTeX2e <2025-11-01>
L3 programming layer <2025-12-24>
 ***********
 ) 
Here is how much of TeX's memory you used:
 20847 strings out of 467871
 450819 string characters out of 5418377
 985455 words of memory out of 5000000
 49284 multiletter control sequences out of 15000+600000
 681839 words of font info for 124 fonts, out of 8000000 for 9000
 1141 hyphenation exceptions out of 8191
 117i,14n,121p,509b,1538s stack positions out of 10000i,1000n,20000p,200000b,200000s
<C:/Users/12549/AppData/Local/Programs/MiKTeX/fonts/type1/public/amsfonts/cm/
cmex10.pfb><C:/Users/12549/AppData/Local/Programs/MiKTeX/fonts/type1/public/ams
fonts/cm/cmmi10.pfb><C:/Users/12549/AppData/Local/Programs/MiKTeX/fonts/type1/p
ublic/amsfonts/cm/cmmi12.pfb><C:/Users/12549/AppData/Local/Programs/MiKTeX/font
s/type1/public/amsfonts/cm/cmmi7.pfb><C:/Users/12549/AppData/Local/Programs/MiK
TeX/fonts/type1/public/amsfonts/cm/cmmi8.pfb><C:/Users/12549/AppData/Local/Prog
rams/MiKTeX/fonts/type1/public/amsfonts/cm/cmr10.pfb><C:/Users/12549/AppData/Lo
cal/Programs/MiKTeX/fonts/type1/public/amsfonts/cm/cmr12.pfb><C:/Users/12549/Ap
pData/Local/Programs/MiKTeX/fonts/type1/public/amsfonts/cm/cmr17.pfb><C:/Users/
12549/AppData/Local/Programs/MiKTeX/fonts/type1/public/amsfonts/cm/cmr7.pfb><C:
/Users/12549/AppData/Local/Programs/MiKTeX/fonts/type1/public/amsfonts/cm/cmr8.
pfb><C:/Users/12549/AppData/Local/Programs/MiKTeX/fonts/type1/public/amsfonts/c
m/cmsy10.pfb><C:/Users/12549/AppData/Local/Programs/MiKTeX/fonts/type1/public/a
msfonts/cm/cmsy7.pfb><C:/Users/12549/AppData/Local/Programs/MiKTeX/fonts/type1/
public/amsfonts/cm/cmsy8.pfb><C:/Users/12549/AppData/Local/Programs/MiKTeX/font
s/type1/public/amsfonts/cm/cmtt12.pfb><C:/Users/12549/AppData/Local/Programs/Mi
KTeX/fonts/type1/urw/helvetic/uhvb8a.pfb><C:/Users/12549/AppData/Local/Programs
/MiKTeX/fonts/type1/urw/helvetic/uhvr8a.pfb>
Output written on main.pdf (1 page, 856363 bytes).
PDF statistics:
 123 PDF objects out of 1000 (max. 8388607)
 0 named destinations out of 1000 (max. 500000)
 129 words of extra memory for PDF output out of 10000 (max. 10000000)

